[2026-03-18 14:56:25,132] multiqc                                            [DEBUG  ]  This is MultiQC v1.18
[2026-03-18 14:56:25,132] multiqc                                            [DEBUG  ]  Command used: /usr/bin/multiqc .
[2026-03-18 14:56:25,773] multiqc                                            [WARNING]  MultiQC Version v1.33 now available!
[2026-03-18 14:56:25,773] multiqc                                            [DEBUG  ]  Working dir : /home/genetics/homework_1/fasta_reads
[2026-03-18 14:56:25,773] multiqc                                            [DEBUG  ]  Template    : default
[2026-03-18 14:56:25,773] multiqc                                            [DEBUG  ]  Running Python 3.12.3 (main, Mar  3 2026, 12:15:18) [GCC 13.3.0]
[2026-03-18 14:56:25,774] multiqc                                            [DEBUG  ]  Analysing modules: custom_content, ccs, ngsderive, purple, conpair, lima, peddy, somalier, methylQA, mosdepth, phantompeakqualtools, qualimap, preseq, hifiasm, quast, qorts, rna_seqc, rockhopper, rsem, rseqc, busco, bustools, goleft_indexcov, gffcompare, disambiguate, supernova, deeptools, sargasso, verifybamid, mirtrace, happy, mirtop, sambamba, gopeaks, homer, hops, macs2, theta2, snpeff, gatk, htseq, bcftools, featureCounts, fgbio, dragen, dragen_fastqc, dedup, pbmarkdup, damageprofiler, mapdamage, biobambam2, jcvi, mtnucratio, picard, vep, bakta, prokka, qc3C, nanostat, samblaster, samtools, sexdeterrmine, seqera_cli, eigenstratdatabasetools, bamtools, jellyfish, vcftools, longranger, stacks, varscan2, snippy, umitools, truvari, bbmap, bismark, biscuit, diamond, hicexplorer, hicup, hicpro, salmon, kallisto, slamdunk, star, hisat2, tophat, bowtie2, bowtie1, cellranger, snpsplit, odgi, pangolin, nextclade, freyja, humid, kat, leehom, librarian, adapterRemoval, bbduk, clipandmerge, cutadapt, flexbar, sourmash, kaiju, bracken, kraken, malt, motus, trimmomatic, sickle, skewer, sortmerna, biobloomtools, fastq_screen, afterqc, fastp, fastqc, filtlong, prinseqplusplus, pychopper, porechop, pycoqc, minionqc, anglerfish, multivcfanalyzer, clusterflow, checkqc, bcl2fastq, bclconvert, interop, ivar, flash, seqyclean, optitype, whatshap, xenome, xengsort
[2026-03-18 14:56:25,775] multiqc                                            [DEBUG  ]  Using temporary directory for creating report: /tmp/tmppt3rlrbt
[2026-03-18 14:56:25,799] multiqc                                            [INFO   ]  Search path : /home/genetics/homework_1/fasta_reads
[2026-03-18 14:56:26,823] multiqc                                            [DEBUG  ]  Summary of files that were skipped by the search: [skipped_module_specific_max_filesize: 253] // [skipped_file_contents_search_errors: 179] // [skipped_no_match: 90] // [skipped_ignore_pattern: 60] // [skipped_filesize_limit: 8]
[2026-03-18 14:56:28,308] multiqc.plots.bargraph                             [DEBUG  ]  Using matplotlib version 3.6.3
[2026-03-18 14:56:28,316] multiqc.plots.linegraph                            [DEBUG  ]  Using matplotlib version 3.6.3
[2026-03-18 14:56:28,317] multiqc                                            [DEBUG  ]  No samples found: custom_content
[2026-03-18 14:56:28,394] multiqc.modules.rseqc.rseqc                        [INFO   ]  Found 6 gene_body_coverage reports
[2026-03-18 14:56:28,423] multiqc.modules.featureCounts.feature_counts       [INFO   ]  Found 6 reports
[2026-03-18 14:56:28,465] multiqc.modules.cutadapt.cutadapt                  [INFO   ]  Found 12 reports
[2026-03-18 14:56:28,939] multiqc.modules.fastqc.fastqc                      [INFO   ]  Found 12 reports
[2026-03-18 14:56:28,987] multiqc.utils.software_versions                    [DEBUG  ]  Reading software versions from config.software_versions
[2026-03-18 14:56:29,006] multiqc                                            [DEBUG  ]  Compressing plot data
[2026-03-18 14:56:29,202] multiqc                                            [INFO   ]  Report      : multiqc_report.html
[2026-03-18 14:56:29,202] multiqc                                            [INFO   ]  Data        : multiqc_data
[2026-03-18 14:56:29,202] multiqc                                            [DEBUG  ]  Moving data file from '/tmp/tmppt3rlrbt/multiqc_data' to '/home/genetics/homework_1/fasta_reads/multiqc_data'
[2026-03-18 14:56:29,204] multiqc                                            [DEBUG  ]  Full report path: /home/genetics/homework_1/fasta_reads/multiqc_report.html
[2026-03-18 14:56:29,386] multiqc                                            [ERROR  ]  Could not include file 'assets/js/packages/jszip.min.js': [Errno 2] No such file or directory: '/tmp/tmppt3rlrbt/assets/js/packages/jszip.min.js'
[2026-03-18 14:56:29,463] multiqc                                            [INFO   ]  MultiQC complete
